<?xml version="1.0" encoding="UTF-8"?>
<Site BuildName="(empty)"
	BuildStamp="20251124-0724-Experimental"
	Name="(empty)"
	Generator="ctest-3.16.3"
	CompilerName=""
	CompilerVersion=""
	OSName="Linux"
	Hostname="codespaces-11f29f"
	OSRelease="6.8.0-1030-azure"
	OSVersion="#35~22.04.1-Ubuntu SMP Mon May 26 18:08:30 UTC 2025"
	OSPlatform="x86_64"
	Is64Bits="1"
	VendorString="AuthenticAMD"
	VendorID="Advanced Micro Devices"
	FamilyID="25"
	ModelID="1"
	ProcessorCacheSize="512"
	NumberOfLogicalCPU="2"
	NumberOfPhysicalCPU="1"
	TotalVirtualMemory="0"
	TotalPhysicalMemory="7944"
	LogicalProcessorsPerPhysical="2"
	ProcessorClockFrequency="3242.1"
	>
	<Testing>
		<StartDateTime>Nov 24 23:15 UTC</StartDateTime>
		<StartTestTime>1764026159</StartTestTime>
		<TestList/>
		<EndDateTime>Nov 24 23:15 UTC</EndDateTime>
		<EndTestTime>1764026159</EndTestTime>
		<ElapsedMinutes>0</ElapsedMinutes>
	</Testing>
</Site>
