<?xml version="1.0" encoding="UTF-8"?>
<Site BuildName="(empty)"
	BuildStamp="20251008-1405-Experimental"
	Name="(empty)"
	Generator="ctest-3.28.3"
	CompilerName=""
	CompilerVersion=""
	OSName="Linux"
	Hostname="teef-HP-ENVY-x360-Convertible"
	OSRelease="6.8.0-79-generic"
	OSVersion="#79-Ubuntu SMP PREEMPT_DYNAMIC Tue Aug 12 14:42:46 UTC 2025"
	OSPlatform="x86_64"
	Is64Bits="1"
	VendorString="GenuineIntel"
	VendorID="Intel Corporation"
	FamilyID="6"
	ModelID="78"
	ProcessorCacheSize="4096"
	NumberOfLogicalCPU="4"
	NumberOfPhysicalCPU="2"
	TotalVirtualMemory="2047"
	TotalPhysicalMemory="11815"
	LogicalProcessorsPerPhysical="2"
	ProcessorClockFrequency="499.999"
	>
	<Testing>
		<StartDateTime>Oct 08 12:51 EDT</StartDateTime>
		<StartTestTime>1759942313</StartTestTime>
		<TestList/>
		<EndDateTime>Oct 08 12:51 EDT</EndDateTime>
		<EndTestTime>1759942313</EndTestTime>
		<ElapsedMinutes>0</ElapsedMinutes>
	</Testing>
</Site>
