<?xml version="1.0" encoding="UTF-8"?>
<Site BuildName="(empty)"
	BuildStamp="20251114-1932-Experimental"
	Name="(empty)"
	Generator="ctest-3.28.3"
	CompilerName=""
	CompilerVersion=""
	OSName="Linux"
	Hostname="teef-HP-ENVY-x360-Convertible"
	OSRelease="6.8.0-87-generic"
	OSVersion="#88-Ubuntu SMP PREEMPT_DYNAMIC Sat Oct 11 09:28:41 UTC 2025"
	OSPlatform="x86_64"
	Is64Bits="1"
	VendorString="GenuineIntel"
	VendorID="Intel Corporation"
	FamilyID="6"
	ModelID="78"
	ProcessorCacheSize="4096"
	NumberOfLogicalCPU="4"
	NumberOfPhysicalCPU="2"
	TotalVirtualMemory="2047"
	TotalPhysicalMemory="11815"
	LogicalProcessorsPerPhysical="2"
	ProcessorClockFrequency="1700.02"
	>
	<Testing>
		<StartDateTime>Nov 14 15:08 EST</StartDateTime>
		<StartTestTime>1763150899</StartTestTime>
		<TestList/>
		<EndDateTime>Nov 14 15:08 EST</EndDateTime>
		<EndTestTime>1763150899</EndTestTime>
		<ElapsedMinutes>0</ElapsedMinutes>
	</Testing>
</Site>
